DEPRECATION WARNING: [] is deprecated and will be removed from Rails 6.2 (Use configs_for) (called from migration_template at (erb):6)
DEPRECATION WARNING: [] is deprecated and will be removed from Rails 6.2 (Use configs_for) (called from migration_template at (erb):6)
DEPRECATION WARNING: [] is deprecated and will be removed from Rails 6.2 (Use configs_for) (called from <main> at /Users/julio/Desktop/Mentr/mentr-me/bin/rails:5)
DEPRECATION WARNING: [] is deprecated and will be removed from Rails 6.2 (Use configs_for) (called from <main> at /Users/julio/Desktop/Mentr/mentr-me/bin/rails:5)
DEPRECATION WARNING: [] is deprecated and will be removed from Rails 6.2 (Use configs_for) (called from <main> at /Users/julio/Desktop/Mentr/mentr-me/bin/rails:5)
DEPRECATION WARNING: [] is deprecated and will be removed from Rails 6.2 (Use configs_for) (called from <main> at /Users/julio/Desktop/Mentr/mentr-me/bin/rails:5)
DEPRECATION WARNING: [] is deprecated and will be removed from Rails 6.2 (Use configs_for) (called from <main> at /Users/julio/Desktop/Mentr/mentr-me/bin/rails:5)
  [1m[35m (14.7ms)[0m  [1m[34mSELECT sqlite_version(*)[0m
  [1m[35m (2.8ms)[0m  [1m[35mCREATE TABLE "schema_migrations" ("version" varchar NOT NULL PRIMARY KEY)[0m
  [1m[35m (2.5ms)[0m  [1m[35mCREATE TABLE "ar_internal_metadata" ("key" varchar NOT NULL PRIMARY KEY, "value" varchar, "created_at" datetime(6) NOT NULL, "updated_at" datetime(6) NOT NULL)[0m
  [1m[35m (0.2ms)[0m  [1m[34mSELECT "schema_migrations"."version" FROM "schema_migrations" ORDER BY "schema_migrations"."version" ASC[0m
Migrating to DeviseCreateUsers (20210315043702)
  [1m[36mTRANSACTION (0.1ms)[0m  [1m[36mbegin transaction[0m
  [1m[35m (0.5ms)[0m  [1m[35mCREATE TABLE "users" ("id" integer PRIMARY KEY AUTOINCREMENT NOT NULL, "email" varchar DEFAULT '' NOT NULL, "encrypted_password" varchar DEFAULT '' NOT NULL, "reset_password_token" varchar, "reset_password_sent_at" datetime, "remember_created_at" datetime, "created_at" datetime(6) NOT NULL, "updated_at" datetime(6) NOT NULL)[0m
  [1m[35m (0.3ms)[0m  [1m[35mCREATE UNIQUE INDEX "index_users_on_email" ON "users" ("email")[0m
  [1m[35m (0.3ms)[0m  [1m[35mCREATE UNIQUE INDEX "index_users_on_reset_password_token" ON "users" ("reset_password_token")[0m
  [1m[36mActiveRecord::SchemaMigration Create (0.4ms)[0m  [1m[32mINSERT INTO "schema_migrations" ("version") VALUES (?)[0m  [["version", "20210315043702"]]
  [1m[36mTRANSACTION (1.9ms)[0m  [1m[36mcommit transaction[0m
  [1m[36mActiveRecord::InternalMetadata Load (0.2ms)[0m  [1m[34mSELECT "ar_internal_metadata".* FROM "ar_internal_metadata" WHERE "ar_internal_metadata"."key" = ? LIMIT ?[0m  [["key", "environment"], ["LIMIT", 1]]
  [1m[36mTRANSACTION (0.1ms)[0m  [1m[36mbegin transaction[0m
  [1m[36mActiveRecord::InternalMetadata Create (0.5ms)[0m  [1m[32mINSERT INTO "ar_internal_metadata" ("key", "value", "created_at", "updated_at") VALUES (?, ?, ?, ?)[0m  [["key", "environment"], ["value", "development"], ["created_at", "2021-03-15 04:38:22.575464"], ["updated_at", "2021-03-15 04:38:22.575464"]]
  [1m[36mTRANSACTION (1.7ms)[0m  [1m[36mcommit transaction[0m
  [1m[35m (0.2ms)[0m  [1m[34mSELECT sqlite_version(*)[0m
  [1m[35m (0.1ms)[0m  [1m[34mSELECT "schema_migrations"."version" FROM "schema_migrations" ORDER BY "schema_migrations"."version" ASC[0m
